19:20:19 **** Rebuild of configuration Debug for project TP_[3] ****
Info: Internal Builder is used for build
gcc -O0 -g3 -Wall -c -fmessage-length=0 -o utn.o "..\\utn.c" 
gcc -O0 -g3 -Wall -c -fmessage-length=0 -o parser.o "..\\parser.c" 
gcc -O0 -g3 -Wall -c -fmessage-length=0 -o Controller.o "..\\Controller.c" 
gcc -O0 -g3 -Wall -c -fmessage-length=0 -o Passenger.o "..\\Passenger.c" 
gcc -O0 -g3 -Wall -c -fmessage-length=0 -o main.o "..\\main.c" 
gcc -O0 -g3 -Wall -c -fmessage-length=0 -o menu.o "..\\menu.c" 
gcc "-LC:\\Users\\maxim\\Desktop\\PROYECTOS\\tp_laboratorio_1\\TP_[3]" -o TP_[3].exe Controller.o Passenger.o main.o menu.o parser.o utn.o -lLinkedList 
Info: Nothing to build for TP_[3]
12:19:08 **** Rebuild of configuration Debug for project TP_[3] ****
Info: Internal Builder is used for build
gcc -O0 -g3 -Wall -c -fmessage-length=0 -o main.o "..\\main.c" 
gcc -O0 -g3 -Wall -c -fmessage-length=0 -o parser.o "..\\parser.c" 
gcc -O0 -g3 -Wall -c -fmessage-length=0 -o utn.o "..\\utn.c" 
gcc -O0 -g3 -Wall -c -fmessage-length=0 -o Controller.o "..\\Controller.c" 
gcc -O0 -g3 -Wall -c -fmessage-length=0 -o Passenger.o "..\\Passenger.c" 
gcc -O0 -g3 -Wall -c -fmessage-length=0 -o menu.o "..\\menu.c" 
gcc "-LC:\\Users\\maxim\\Desktop\\PROYECTOS\\tp_laboratorio_1\\TP_[3]" -o TP_[3].exe Controller.o Passenger.o main.o menu.o parser.o utn.o -lLinkedList 
12:20:58 **** Incremental Build of configuration Debug for project TP_[3] ****
Info: Internal Builder is used for build
gcc -O0 -g3 -Wall -c -fmessage-length=0 -o Controller.o "..\\Controller.c" 
gcc "-LC:\\Users\\maxim\\Desktop\\PROYECTOS\\tp_laboratorio_1\\TP_[3]" -o TP_[3].exe Controller.o Passenger.o main.o menu.o parser.o utn.o -lLinkedList 
Info: Nothing to build for TP_[3]
